<?xml version="1.0" encoding="UTF-8"?>
<!-- Generated by org.testng.reporters.JUnitXMLReporter -->
<testsuite hostname="Mohits-MacBook-Air.local" name="Default test" tests="3" failures="0" timestamp="17 Jul 2016 10:25:43 GMT" time="12.717" errors="0">
  <testcase name="verifyLinksPresentOnAmazoneHomePage" time="4.768" classname="testpackage.FirstTestNGFile"/>
  <testcase name="loginToAmazon" time="7.119" classname="testpackage.FirstTestNGFile"/>
  <testcase name="verifyHomepageTitle" time="0.787" classname="testpackage.FirstTestNGFile"/>
</testsuite> <!-- Default test -->
